[2020-12-03 18:51:25.771] [exthost] [info] extension host started
[2020-12-03 18:51:25.917] [exthost] [info] extension host started
[2020-12-03 18:51:26.321] [exthost] [info] ExtensionService#_doActivateExtension vscode.grunt {"startup":false,"extensionId":{"value":"vscode.grunt","_lower":"vscode.grunt"},"activationEvent":"onCommand:workbench.action.tasks.runTask"}
[2020-12-03 18:51:26.322] [exthost] [info] ExtensionService#loadCommonJSModule file:///c:/Users/Lkhagvaa/.p2/pool/plugins/com.genuitec.eclipse.code.engine.app.win32.x86_64_3.6.0.202002212104/engine/resources/app/extensions/grunt/dist/main
[2020-12-03 18:51:26.335] [exthost] [info] ExtensionService#_doActivateExtension vscode.gulp {"startup":false,"extensionId":{"value":"vscode.gulp","_lower":"vscode.gulp"},"activationEvent":"onCommand:workbench.action.tasks.runTask"}
[2020-12-03 18:51:26.335] [exthost] [info] ExtensionService#loadCommonJSModule file:///c:/Users/Lkhagvaa/.p2/pool/plugins/com.genuitec.eclipse.code.engine.app.win32.x86_64_3.6.0.202002212104/engine/resources/app/extensions/gulp/dist/main
[2020-12-03 18:51:26.348] [exthost] [info] ExtensionService#_doActivateExtension vscode.jake {"startup":false,"extensionId":{"value":"vscode.jake","_lower":"vscode.jake"},"activationEvent":"onCommand:workbench.action.tasks.runTask"}
[2020-12-03 18:51:26.348] [exthost] [info] ExtensionService#loadCommonJSModule file:///c:/Users/Lkhagvaa/.p2/pool/plugins/com.genuitec.eclipse.code.engine.app.win32.x86_64_3.6.0.202002212104/engine/resources/app/extensions/jake/dist/main
[2020-12-03 18:51:26.357] [exthost] [info] ExtensionService#_doActivateExtension vscode.npm {"startup":false,"extensionId":{"value":"vscode.npm","_lower":"vscode.npm"},"activationEvent":"onCommand:workbench.action.tasks.runTask"}
[2020-12-03 18:51:26.357] [exthost] [info] ExtensionService#loadCommonJSModule file:///c:/Users/Lkhagvaa/.p2/pool/plugins/com.genuitec.eclipse.code.engine.app.win32.x86_64_3.6.0.202002212104/engine/resources/app/extensions/npm/dist/main
[2020-12-03 18:51:26.391] [exthost] [info] ExtensionService#_doActivateExtension vscode.typescript-language-features {"startup":false,"extensionId":{"value":"vscode.typescript-language-features","_lower":"vscode.typescript-language-features"},"activationEvent":"onCommand:workbench.action.tasks.runTask"}
[2020-12-03 18:51:26.392] [exthost] [info] ExtensionService#loadCommonJSModule file:///c:/Users/Lkhagvaa/.p2/pool/plugins/com.genuitec.eclipse.code.engine.app.win32.x86_64_3.6.0.202002212104/engine/resources/app/extensions/typescript-language-features/dist/extension
[2020-12-03 18:51:26.469] [exthost] [info] ExtensionService#_doActivateExtension HookyQR.beautify {"startup":true,"extensionId":{"value":"HookyQR.beautify","_lower":"hookyqr.beautify"},"activationEvent":"*"}
[2020-12-03 18:51:26.469] [exthost] [info] ExtensionService#loadCommonJSModule file:///c:/Users/Lkhagvaa/.p2/pool/plugins/pack.core.win_3.6.0.202007171759/HookyQR.beautify-1.4.11/extension
[2020-12-03 18:51:26.684] [exthost] [info] ExtensionService#_doActivateExtension christian-kohler.path-intellisense {"startup":true,"extensionId":{"value":"christian-kohler.path-intellisense","_lower":"christian-kohler.path-intellisense"},"activationEvent":"*"}
[2020-12-03 18:51:26.684] [exthost] [info] ExtensionService#loadCommonJSModule file:///c:/Users/Lkhagvaa/.p2/pool/plugins/pack.core.win_3.6.0.202007171759/christian-kohler.path-intellisense-1.4.2/out/src/extension
[2020-12-03 18:51:26.783] [exthost] [info] ExtensionService#_doActivateExtension dbaeumer.vscode-eslint {"startup":true,"extensionId":{"value":"dbaeumer.vscode-eslint","_lower":"dbaeumer.vscode-eslint"},"activationEvent":"*"}
[2020-12-03 18:51:26.783] [exthost] [info] ExtensionService#loadCommonJSModule file:///c:/Users/Lkhagvaa/.p2/pool/plugins/pack.core.win_3.6.0.202007171759/dbaeumer.vscode-eslint-1.9.0/client/out/extension
[2020-12-03 18:51:26.890] [exthost] [info] ExtensionService#_doActivateExtension vscode.debug-auto-launch {"startup":true,"extensionId":{"value":"vscode.debug-auto-launch","_lower":"vscode.debug-auto-launch"},"activationEvent":"*"}
[2020-12-03 18:51:26.890] [exthost] [info] ExtensionService#loadCommonJSModule file:///c:/Users/Lkhagvaa/.p2/pool/plugins/com.genuitec.eclipse.code.engine.app.win32.x86_64_3.6.0.202002212104/engine/resources/app/extensions/debug-auto-launch/dist/extension
[2020-12-03 18:51:26.900] [exthost] [info] ExtensionService#_doActivateExtension vscode.emmet {"startup":true,"extensionId":{"value":"vscode.emmet","_lower":"vscode.emmet"},"activationEvent":"*"}
[2020-12-03 18:51:26.900] [exthost] [info] ExtensionService#loadCommonJSModule file:///c:/Users/Lkhagvaa/.p2/pool/plugins/com.genuitec.eclipse.code.engine.app.win32.x86_64_3.6.0.202002212104/engine/resources/app/extensions/emmet/dist/extension
[2020-12-03 18:51:26.995] [exthost] [info] ExtensionService#_doActivateExtension formulahendry.auto-close-tag {"startup":true,"extensionId":{"value":"formulahendry.auto-close-tag","_lower":"formulahendry.auto-close-tag"},"activationEvent":"*"}
[2020-12-03 18:51:26.995] [exthost] [info] ExtensionService#loadCommonJSModule file:///c:/Users/Lkhagvaa/.p2/pool/plugins/pack.core.win_3.6.0.202007171759/formulahendry.auto-close-tag-0.5.6/out/src/extension
[2020-12-03 18:51:27.035] [exthost] [info] ExtensionService#_doActivateExtension Angular.ng-template {"startup":false,"extensionId":{"value":"Angular.ng-template","_lower":"angular.ng-template"},"activationEvent":"onLanguage:typescript"}
[2020-12-03 18:51:27.035] [exthost] [info] ExtensionService#loadCommonJSModule file:///c:/Users/Lkhagvaa/.p2/pool/plugins/pack.angular.win_3.6.0.202007171759/Angular.ng-template-0.1000.2-cm/client
[2020-12-03 18:51:27.254] [exthost] [info] ExtensionService#_doActivateExtension vscode.extension-editing {"startup":false,"extensionId":{"value":"vscode.extension-editing","_lower":"vscode.extension-editing"},"activationEvent":"onLanguage:typescript"}
[2020-12-03 18:51:27.254] [exthost] [info] ExtensionService#loadCommonJSModule file:///c:/Users/Lkhagvaa/.p2/pool/plugins/com.genuitec.eclipse.code.engine.app.win32.x86_64_3.6.0.202002212104/engine/resources/app/extensions/extension-editing/dist/extension
[2020-12-03 18:51:27.277] [exthost] [info] ExtensionService#_doActivateExtension ms-vscode.vscode-typescript-tslint-plugin {"startup":false,"extensionId":{"value":"ms-vscode.vscode-typescript-tslint-plugin","_lower":"ms-vscode.vscode-typescript-tslint-plugin"},"activationEvent":"onLanguage:typescript"}
[2020-12-03 18:51:27.278] [exthost] [info] ExtensionService#loadCommonJSModule file:///c:/Users/Lkhagvaa/.p2/pool/plugins/pack.core.win_3.6.0.202007171759/ms-vscode.vscode-typescript-tslint-plugin-1.2.2/out/index.js
[2020-12-03 18:51:27.577] [exthost] [info] eager extensions activated
[2020-12-03 18:51:50.768] [exthost] [info] ExtensionService#_doActivateExtension vscode.configuration-editing {"startup":false,"extensionId":{"value":"vscode.configuration-editing","_lower":"vscode.configuration-editing"},"activationEvent":"onLanguage:jsonc"}
[2020-12-03 18:51:50.768] [exthost] [info] ExtensionService#loadCommonJSModule file:///c:/Users/Lkhagvaa/.p2/pool/plugins/com.genuitec.eclipse.code.engine.app.win32.x86_64_3.6.0.202002212104/engine/resources/app/extensions/configuration-editing/dist/extension
[2020-12-03 18:51:50.779] [exthost] [info] ExtensionService#_doActivateExtension vscode.json-language-features {"startup":false,"extensionId":{"value":"vscode.json-language-features","_lower":"vscode.json-language-features"},"activationEvent":"onLanguage:jsonc"}
[2020-12-03 18:51:50.779] [exthost] [info] ExtensionService#loadCommonJSModule file:///c:/Users/Lkhagvaa/.p2/pool/plugins/com.genuitec.eclipse.code.engine.app.win32.x86_64_3.6.0.202002212104/engine/resources/app/extensions/json-language-features/client/dist/jsonMain
[2020-12-03 21:29:14.197] [exthost] [info] ExtensionService#_doActivateExtension vscode.debug-server-ready {"startup":false,"extensionId":{"value":"vscode.debug-server-ready","_lower":"vscode.debug-server-ready"},"activationEvent":"onDebugResolve"}
[2020-12-03 21:29:14.203] [exthost] [info] ExtensionService#loadCommonJSModule file:///c:/Users/Lkhagvaa/.p2/pool/plugins/com.genuitec.eclipse.code.engine.app.win32.x86_64_3.6.0.202002212104/engine/resources/app/extensions/debug-server-ready/dist/extension
[2020-12-03 21:29:14.349] [exthost] [info] ExtensionService#_doActivateExtension msjsdiag.debugger-for-chrome {"startup":false,"extensionId":{"value":"msjsdiag.debugger-for-chrome","_lower":"msjsdiag.debugger-for-chrome"},"activationEvent":"onDebugResolve:chrome"}
[2020-12-03 21:29:14.350] [exthost] [info] ExtensionService#loadCommonJSModule file:///c:/Users/Lkhagvaa/.p2/pool/plugins/pack.core.win_3.6.0.202007171759/msjsdiag.debugger-for-chrome-4.12.3/out/src/extension
